0 info it worked if it ends with ok
1 verbose cli [ 'node', '/usr/local/bin/npm', 'install', 'twilio', '1.6.0' ]
2 info using npm@1.4.28
3 info using node@v0.10.32
4 verbose readDependencies using package.json deps
5 verbose cache add [ 'twilio', null ]
6 verbose cache add name=undefined spec="twilio" args=["twilio",null]
7 verbose parsed url { protocol: null,
7 verbose parsed url   slashes: null,
7 verbose parsed url   auth: null,
7 verbose parsed url   host: null,
7 verbose parsed url   port: null,
7 verbose parsed url   hostname: null,
7 verbose parsed url   hash: null,
7 verbose parsed url   search: null,
7 verbose parsed url   query: null,
7 verbose parsed url   pathname: 'twilio',
7 verbose parsed url   path: 'twilio',
7 verbose parsed url   href: 'twilio' }
8 verbose cache add [ '1.6.0', null ]
9 verbose cache add name=undefined spec="1.6.0" args=["1.6.0",null]
10 verbose parsed url { protocol: null,
10 verbose parsed url   slashes: null,
10 verbose parsed url   auth: null,
10 verbose parsed url   host: null,
10 verbose parsed url   port: null,
10 verbose parsed url   hostname: null,
10 verbose parsed url   hash: null,
10 verbose parsed url   search: null,
10 verbose parsed url   query: null,
10 verbose parsed url   pathname: '1.6.0',
10 verbose parsed url   path: '1.6.0',
10 verbose parsed url   href: '1.6.0' }
11 silly lockFile e92733a3-twilio twilio
12 verbose lock twilio /Users/pabloportabales/.npm/e92733a3-twilio.lock
13 silly lockFile 40e124dc-1-6-0 1.6.0
14 verbose lock 1.6.0 /Users/pabloportabales/.npm/40e124dc-1-6-0.lock
15 silly lockFile e92733a3-twilio twilio
16 silly lockFile e92733a3-twilio twilio
17 silly lockFile 40e124dc-1-6-0 1.6.0
18 silly lockFile 40e124dc-1-6-0 1.6.0
19 verbose addNamed [ 'twilio', '' ]
20 verbose addNamed [ null, '*' ]
21 silly lockFile b6fc9222-twilio twilio@
22 verbose lock twilio@ /Users/pabloportabales/.npm/b6fc9222-twilio.lock
23 verbose addNamed [ '1.6.0', '' ]
24 verbose addNamed [ null, '*' ]
25 silly lockFile 5644b11c-1-6-0 1.6.0@
26 verbose lock 1.6.0@ /Users/pabloportabales/.npm/5644b11c-1-6-0.lock
27 silly addNameRange { name: 'twilio', range: '*', hasData: false }
28 silly addNameRange { name: '1.6.0', range: '*', hasData: false }
29 verbose request where is /1.6.0
30 verbose request registry https://registry.npmjs.org/
31 verbose request id b8be0ad8249fa9a0
32 verbose url raw /1.6.0
33 verbose url resolving [ 'https://registry.npmjs.org/', './1.6.0' ]
34 verbose url resolved https://registry.npmjs.org/1.6.0
35 verbose request where is https://registry.npmjs.org/1.6.0
36 info trying registry request attempt 1 at 12:26:24
37 http GET https://registry.npmjs.org/1.6.0
38 verbose request where is /twilio
39 verbose request registry https://registry.npmjs.org/
40 verbose url raw /twilio
41 verbose url resolving [ 'https://registry.npmjs.org/', './twilio' ]
42 verbose url resolved https://registry.npmjs.org/twilio
43 verbose request where is https://registry.npmjs.org/twilio
44 info trying registry request attempt 1 at 12:26:24
45 verbose etag "1KF44WA7N0PPRXR14PD1VV6BO"
46 http GET https://registry.npmjs.org/twilio
47 http 404 https://registry.npmjs.org/1.6.0
48 verbose headers { date: 'Mon, 10 Nov 2014 12:26:25 GMT',
48 verbose headers   server: 'CouchDB/1.5.0 (Erlang OTP/R16B03)',
48 verbose headers   'content-type': 'application/json',
48 verbose headers   'cache-control': 'max-age=0',
48 verbose headers   'content-length': '52',
48 verbose headers   'accept-ranges': 'bytes',
48 verbose headers   via: '1.1 varnish',
48 verbose headers   age: '0',
48 verbose headers   'x-served-by': 'cache-lcy1125-LCY',
48 verbose headers   'x-cache': 'MISS',
48 verbose headers   'x-cache-hits': '0',
48 verbose headers   'x-timer': 'S1415622385.312465,VS0,VE157',
48 verbose headers   'keep-alive': 'timeout=10, max=50',
48 verbose headers   connection: 'Keep-Alive' }
49 silly registry.get cb [ 404,
49 silly registry.get   { date: 'Mon, 10 Nov 2014 12:26:25 GMT',
49 silly registry.get     server: 'CouchDB/1.5.0 (Erlang OTP/R16B03)',
49 silly registry.get     'content-type': 'application/json',
49 silly registry.get     'cache-control': 'max-age=0',
49 silly registry.get     'content-length': '52',
49 silly registry.get     'accept-ranges': 'bytes',
49 silly registry.get     via: '1.1 varnish',
49 silly registry.get     age: '0',
49 silly registry.get     'x-served-by': 'cache-lcy1125-LCY',
49 silly registry.get     'x-cache': 'MISS',
49 silly registry.get     'x-cache-hits': '0',
49 silly registry.get     'x-timer': 'S1415622385.312465,VS0,VE157',
49 silly registry.get     'keep-alive': 'timeout=10, max=50',
49 silly registry.get     connection: 'Keep-Alive' } ]
50 silly lockFile 5644b11c-1-6-0 1.6.0@
51 silly lockFile 5644b11c-1-6-0 1.6.0@
52 http 304 https://registry.npmjs.org/twilio
53 silly registry.get cb [ 304,
53 silly registry.get   { date: 'Mon, 10 Nov 2014 12:26:25 GMT',
53 silly registry.get     server: 'Apache',
53 silly registry.get     via: '1.1 varnish',
53 silly registry.get     'last-modified': 'Mon, 10 Nov 2014 12:26:25 GMT',
53 silly registry.get     'cache-control': 'max-age=60',
53 silly registry.get     etag: '"1KF44WA7N0PPRXR14PD1VV6BO"',
53 silly registry.get     age: '0',
53 silly registry.get     'x-served-by': 'cache-lcy1135-LCY',
53 silly registry.get     'x-cache': 'HIT',
53 silly registry.get     'x-cache-hits': '1',
53 silly registry.get     'x-timer': 'S1415622385.310453,VS0,VE624',
53 silly registry.get     vary: 'Accept',
53 silly registry.get     'content-length': '0',
53 silly registry.get     'keep-alive': 'timeout=10, max=50',
53 silly registry.get     connection: 'Keep-Alive' } ]
54 verbose etag https://registry.npmjs.org/twilio from cache
55 silly addNameRange number 2 { name: 'twilio', range: '*', hasData: true }
56 silly addNameRange versions [ 'twilio',
56 silly addNameRange   [ '0.0.0',
56 silly addNameRange     '0.0.1',
56 silly addNameRange     '0.0.3',
56 silly addNameRange     '0.0.4',
56 silly addNameRange     '0.2.0',
56 silly addNameRange     '0.3.0',
56 silly addNameRange     '0.4.0',
56 silly addNameRange     '0.3.3',
56 silly addNameRange     '0.4.1',
56 silly addNameRange     '0.5.0',
56 silly addNameRange     '0.6.0',
56 silly addNameRange     '0.6.1',
56 silly addNameRange     '0.6.2',
56 silly addNameRange     '0.7.0',
56 silly addNameRange     '0.7.1',
56 silly addNameRange     '0.8.0',
56 silly addNameRange     '0.8.1',
56 silly addNameRange     '1.0.0',
56 silly addNameRange     '1.0.1',
56 silly addNameRange     '1.1.0',
56 silly addNameRange     '1.1.1',
56 silly addNameRange     '1.1.2',
56 silly addNameRange     '1.1.3',
56 silly addNameRange     '1.1.4',
56 silly addNameRange     '1.2.0',
56 silly addNameRange     '1.3.0',
56 silly addNameRange     '1.4.0',
56 silly addNameRange     '1.5.0',
56 silly addNameRange     '1.6.0',
56 silly addNameRange     '1.7.0' ] ]
57 verbose addNamed [ 'twilio', '1.7.0' ]
58 verbose addNamed [ '1.7.0', '1.7.0' ]
59 silly lockFile 05cebf0c-twilio-1-7-0 twilio@1.7.0
60 verbose lock twilio@1.7.0 /Users/pabloportabales/.npm/05cebf0c-twilio-1-7-0.lock
61 silly lockFile 05cebf0c-twilio-1-7-0 twilio@1.7.0
62 silly lockFile 05cebf0c-twilio-1-7-0 twilio@1.7.0
63 silly lockFile b6fc9222-twilio twilio@
64 silly lockFile b6fc9222-twilio twilio@
65 error 404 404 Not Found: 1.6.0
65 error 404
65 error 404 '1.6.0' is not in the npm registry.
65 error 404 You should bug the author to publish it
65 error 404 It was specified as a dependency of 'smsApp'
65 error 404
65 error 404 Note that you can also install from a
65 error 404 tarball, folder, or http url, or git url.
66 error System Darwin 13.4.0
67 error command "node" "/usr/local/bin/npm" "install" "twilio" "1.6.0"
68 error cwd /Users/pabloportabales/projects/Makers/smsApp
69 error node -v v0.10.32
70 error npm -v 1.4.28
71 error code E404
72 verbose exit [ 1, true ]
